c:\users\rzouga.rzougalaptop\desktop\school\2a\sem 2\qt\qt-project\ripple\debug\vc143.pdb
c:\users\rzouga.rzougalaptop\desktop\school\2a\sem 2\qt\qt-project\ripple\debug\employee.obj
c:\users\rzouga.rzougalaptop\desktop\school\2a\sem 2\qt\qt-project\ripple\debug\moc_menu.obj
c:\users\rzouga.rzougalaptop\desktop\school\2a\sem 2\qt\qt-project\ripple\debug\moc_mainwindow.obj
c:\users\rzouga.rzougalaptop\desktop\school\2a\sem 2\qt\qt-project\ripple\debug\moc_accident.obj
c:\users\rzouga.rzougalaptop\desktop\school\2a\sem 2\qt\qt-project\ripple\debug\moc_client.obj
c:\users\rzouga.rzougalaptop\desktop\school\2a\sem 2\qt\qt-project\ripple\debug\moc_employee.obj
c:\users\rzouga.rzougalaptop\desktop\school\2a\sem 2\qt\qt-project\ripple\debug\moc_dashboard.obj
c:\users\rzouga.rzougalaptop\desktop\school\2a\sem 2\qt\qt-project\ripple\debug\moc_contract.obj
c:\users\rzouga.rzougalaptop\desktop\school\2a\sem 2\qt\qt-project\ripple\debug\accident.obj
c:\users\rzouga.rzougalaptop\desktop\school\2a\sem 2\qt\qt-project\ripple\debug\connection.obj
c:\users\rzouga.rzougalaptop\desktop\school\2a\sem 2\qt\qt-project\ripple\debug\menu.obj
c:\users\rzouga.rzougalaptop\desktop\school\2a\sem 2\qt\qt-project\ripple\debug\contract.obj
c:\users\rzouga.rzougalaptop\desktop\school\2a\sem 2\qt\qt-project\ripple\debug\client.obj
c:\users\rzouga.rzougalaptop\desktop\school\2a\sem 2\qt\qt-project\ripple\debug\main.obj
c:\users\rzouga.rzougalaptop\desktop\school\2a\sem 2\qt\qt-project\ripple\debug\mainwindow.obj
c:\users\rzouga.rzougalaptop\desktop\school\2a\sem 2\qt\qt-project\ripple\debug\dashboard.obj
c:\users\rzouga.rzougalaptop\desktop\school\2a\sem 2\qt\qt-project\ripple\debug\moc_predefs.h
c:\users\rzouga.rzougalaptop\desktop\school\2a\sem 2\qt\qt-project\ripple\debug\ripple.exe
c:\users\rzouga.rzougalaptop\desktop\school\2a\sem 2\qt\qt-project\ripple\debug\ripple.pdb
c:\users\rzouga.rzougalaptop\desktop\school\2a\sem 2\qt\qt-project\ripple\debug\moc_accident.cpp
c:\users\rzouga.rzougalaptop\desktop\school\2a\sem 2\qt\qt-project\ripple\debug\moc_client.cpp
c:\users\rzouga.rzougalaptop\desktop\school\2a\sem 2\qt\qt-project\ripple\debug\moc_contract.cpp
c:\users\rzouga.rzougalaptop\desktop\school\2a\sem 2\qt\qt-project\ripple\debug\moc_dashboard.cpp
c:\users\rzouga.rzougalaptop\desktop\school\2a\sem 2\qt\qt-project\ripple\debug\moc_employee.cpp
c:\users\rzouga.rzougalaptop\desktop\school\2a\sem 2\qt\qt-project\ripple\debug\moc_mainwindow.cpp
c:\users\rzouga.rzougalaptop\desktop\school\2a\sem 2\qt\qt-project\ripple\debug\moc_menu.cpp
c:\users\rzouga.rzougalaptop\desktop\school\2a\sem 2\qt\qt-project\ripple\ui_accident.h
c:\users\rzouga.rzougalaptop\desktop\school\2a\sem 2\qt\qt-project\ripple\ui_client.h
c:\users\rzouga.rzougalaptop\desktop\school\2a\sem 2\qt\qt-project\ripple\ui_contract.h
c:\users\rzouga.rzougalaptop\desktop\school\2a\sem 2\qt\qt-project\ripple\ui_dashboard.h
c:\users\rzouga.rzougalaptop\desktop\school\2a\sem 2\qt\qt-project\ripple\ui_employee.h
c:\users\rzouga.rzougalaptop\desktop\school\2a\sem 2\qt\qt-project\ripple\ui_mainwindow.h
c:\users\rzouga.rzougalaptop\desktop\school\2a\sem 2\qt\qt-project\ripple\ui_menu.h
c:\users\rzouga.rzougalaptop\desktop\school\2a\sem 2\qt\qt-project\ripple\debug\ripple.ilk
c:\users\rzouga.rzougalaptop\desktop\school\2a\sem 2\qt\qt-project\ripple\debug\ripple.tlog\cl.command.1.tlog
c:\users\rzouga.rzougalaptop\desktop\school\2a\sem 2\qt\qt-project\ripple\debug\ripple.tlog\cl.items.tlog
c:\users\rzouga.rzougalaptop\desktop\school\2a\sem 2\qt\qt-project\ripple\debug\ripple.tlog\cl.read.1.tlog
c:\users\rzouga.rzougalaptop\desktop\school\2a\sem 2\qt\qt-project\ripple\debug\ripple.tlog\cl.write.1.tlog
c:\users\rzouga.rzougalaptop\desktop\school\2a\sem 2\qt\qt-project\ripple\debug\ripple.tlog\custombuild.command.1.tlog
c:\users\rzouga.rzougalaptop\desktop\school\2a\sem 2\qt\qt-project\ripple\debug\ripple.tlog\custombuild.read.1.tlog
c:\users\rzouga.rzougalaptop\desktop\school\2a\sem 2\qt\qt-project\ripple\debug\ripple.tlog\custombuild.write.1.tlog
c:\users\rzouga.rzougalaptop\desktop\school\2a\sem 2\qt\qt-project\ripple\debug\ripple.tlog\link.command.1.tlog
c:\users\rzouga.rzougalaptop\desktop\school\2a\sem 2\qt\qt-project\ripple\debug\ripple.tlog\link.read.1.tlog
c:\users\rzouga.rzougalaptop\desktop\school\2a\sem 2\qt\qt-project\ripple\debug\ripple.tlog\link.secondary.1.tlog
c:\users\rzouga.rzougalaptop\desktop\school\2a\sem 2\qt\qt-project\ripple\debug\ripple.tlog\link.write.1.tlog
c:\users\rzouga.rzougalaptop\desktop\school\2a\sem 2\qt\qt-project\ripple\debug\ripple.tlog\moc.read.1u.tlog
c:\users\rzouga.rzougalaptop\desktop\school\2a\sem 2\qt\qt-project\ripple\debug\ripple.tlog\moc.write.1u.tlog
c:\users\rzouga.rzougalaptop\desktop\school\2a\sem 2\qt\qt-project\ripple\debug\ripple.tlog\ripple.write.1u.tlog
c:\users\rzouga.rzougalaptop\desktop\school\2a\sem 2\qt\qt-project\ripple\debug\ripple.tlog\uic.read.1u.tlog
c:\users\rzouga.rzougalaptop\desktop\school\2a\sem 2\qt\qt-project\ripple\debug\ripple.tlog\uic.write.1u.tlog
